[-] ld_poison loaded.
xstat64 hooked.
Path: /mnt/hgfs/work_virtual/JynKbeast
GID: 20
xstat64 hooked.
Path: .
GID: 20
__fxstat64 hooked.
xstat64 hooked.
Path: /etc/init.d/functions
GID: 0
__fxstat64 hooked.
xstat64 hooked.
Path: /etc/sysconfig/i18n
GID: 0
xstat64 hooked.
Path: /etc/profile.d/lang.sh
GID: 0
__fxstat64 hooked.
xstat64 hooked.
Path: /etc/sysconfig/i18n
GID: 0
xstat64 hooked.
Path: /etc/sysconfig/i18n
GID: 0
__fxstat64 hooked.
xstat64 hooked.
Path: /root/.i18n
GID: 160120680
xstat64 hooked.
Path: /etc/sysconfig/init
GID: 0
xstat64 hooked.
Path: /etc/sysconfig/init
GID: 0
__fxstat64 hooked.
xstat64 hooked.
Path: .
GID: 0
xstat64 hooked.
Path: /sbin/env
GID: 16
xstat64 hooked.
Path: /usr/sbin/env
GID: 24
xstat64 hooked.
Path: /bin/env
GID: 0
xstat64 hooked.
Path: /bin/env
GID: 0
[-] ld_poison loaded.
__fxstat64 hooked.
xstat64 hooked.
Path: /etc/rc.d/init.d/functions
GID: 0
__fxstat64 hooked.
xstat64 hooked.
Path: /etc/sysconfig/i18n
GID: 0
xstat64 hooked.
Path: /etc/profile.d/lang.sh
GID: 0
__fxstat64 hooked.
xstat64 hooked.
Path: /etc/sysconfig/i18n
GID: 0
xstat64 hooked.
Path: /etc/sysconfig/i18n
GID: 0
__fxstat64 hooked.
xstat64 hooked.
Path: /.i18n
GID: 155796592
xstat64 hooked.
Path: /etc/sysconfig/init
GID: 0
xstat64 hooked.
Path: /etc/sysconfig/init
GID: 0
__fxstat64 hooked.
xstat64 hooked.
Path: /etc/sysconfig/sshd
GID: 155787552
Stopping sshd: xstat64 hooked.
Path: /var/run/sshd.pid
GID: 0
xstat64 hooked.
Path: /proc/29569
GID: 0
xstat64 hooked.
Path: /proc/29569
GID: 0
xstat64 hooked.
Path: .
GID: 0
xstat64 hooked.
Path: /sbin/usleep
GID: 24
xstat64 hooked.
Path: /usr/sbin/usleep
GID: 24
xstat64 hooked.
Path: /bin/usleep
GID: 0
xstat64 hooked.
Path: /bin/usleep
GID: 0
[-] ld_poison loaded.
xstat64 hooked.
Path: /proc/29569
GID: 155908680
xstat64 hooked.
Path: /proc/29569
GID: 155908680
[60G[[0;32m  OK  [0;39m]xstat64 hooked.
Path: .
GID: 0
xstat64 hooked.
Path: /sbin/rm
GID: 16
xstat64 hooked.
Path: /usr/sbin/rm
GID: 24
xstat64 hooked.
Path: /bin/rm
GID: 0
xstat64 hooked.
Path: /bin/rm
GID: 0
[-] ld_poison loaded.
unlink hooked.
[-] ld_poison loaded.
unlink hooked.

xstat64 hooked.
Path: /etc/ssh/ssh_host_key
GID: 0
xstat64 hooked.
Path: /etc/ssh/ssh_host_rsa_key
GID: 0
xstat64 hooked.
Path: /etc/ssh/ssh_host_dsa_key
GID: 0
xstat64 hooked.
Path: .
GID: 0
xstat64 hooked.
Path: /sbin/cp
GID: 16
xstat64 hooked.
Path: /usr/sbin/cp
GID: 24
xstat64 hooked.
Path: /bin/cp
GID: 0
xstat64 hooked.
Path: /bin/cp
GID: 0
[-] ld_poison loaded.
xstat64 hooked.
Path: /var/empty/sshd/etc
GID: 0
__lxstat64 hooked.
File: /etc/localtime
GID: 0
__lxstat64 hooked.
File: /var/empty/sshd/etc/localtime
GID: 0
__fxstat64 hooked.
__fxstat64 hooked.
__fxstat64 hooked.
xstat64 hooked.
Path: /etc/localtime
GID: 0
xstat64 hooked.
Path: /etc/localtime
GID: 0
Starting sshd: [60G[[0;32m  OK  [0;39m]xstat64 hooked.
Path: .
GID: 0
xstat64 hooked.
Path: /sbin/touch
GID: 16
xstat64 hooked.
Path: /usr/sbin/touch
GID: 24
xstat64 hooked.
Path: /bin/touch
GID: 0
xstat64 hooked.
Path: /bin/touch
GID: 0
[-] ld_poison loaded.

